<?xml version="1.0" encoding="UTF-8" ?>
<testsuite tests="5" failures="0" name="TestIndex" time="15.832" errors="0" skipped="0">
  <properties>
[...]
</properties>
  <testcase classname="TestIndex" name="AddTaskTest" time="2.257"/>
  <testcase classname="TestIndex" name="BCompleteTaskTest" time="1.344"/>
  <testcase classname="TestIndex" name="CShowTasksTest" time="0.147"/>
  <testcase classname="TestIndex" name="DComTasksTest" time="0.17"/>
  <testcase classname="TestIndex" name="EDelTaskTest" time="1.422"/>
</testsuite>